[NX v20.8.3 Daemon Server] - 2026-03-19T22:45:35.792Z - Started listening on: \\.\pipe\nx\C:\Users\kai99\AppData\Local\Temp\536e0ec7b757508a959a\d.sock
[NX v20.8.3 Daemon Server] - 2026-03-19T22:45:35.794Z - [WATCHER]: Subscribed to changes within: C:\Users\kai99\Desktop\windhawk\src\vscode-windhawk-ui (native)
[NX v20.8.3 Daemon Server] - 2026-03-19T22:45:35.804Z - Established a connection. Number of open connections: 1
[NX v20.8.3 Daemon Server] - 2026-03-19T22:45:35.804Z - Established a connection. Number of open connections: 2
[NX v20.8.3 Daemon Server] - 2026-03-19T22:45:35.805Z - Closed a connection. Number of open connections: 1
[NX v20.8.3 Daemon Server] - 2026-03-19T22:45:35.807Z - [REQUEST]: Client Request for Project Graph Received
[NX v20.8.3 Daemon Server] - 2026-03-19T22:45:35.826Z - Time taken for 'loadSpecifiedNxPlugins' 1.1025999999999954ms
[NX v20.8.3 Daemon Server] - 2026-03-19T22:45:36.031Z - Time taken for 'Load Nx Plugin: C:\Users\kai99\Desktop\windhawk\src\vscode-windhawk-ui\node_modules\nx\src\plugins\package-json' 222.63009999999997ms
[NX v20.8.3 Daemon Server] - 2026-03-19T22:45:36.044Z - Time taken for 'Load Nx Plugin: C:\Users\kai99\Desktop\windhawk\src\vscode-windhawk-ui\node_modules\nx\src\plugins\project-json\build-nodes\project-json' 235.14690000000002ms
[NX v20.8.3 Daemon Server] - 2026-03-19T22:45:36.046Z - [REQUEST]: Updated workspace context based on watched changes, recomputing project graph...
[NX v20.8.3 Daemon Server] - 2026-03-19T22:45:36.046Z - [REQUEST]: 
[NX v20.8.3 Daemon Server] - 2026-03-19T22:45:36.046Z - [REQUEST]: 
[NX v20.8.3 Daemon Server] - 2026-03-19T22:45:36.050Z - Time taken for 'loadDefaultNxPlugins' 237.5843ms
[NX v20.8.3 Daemon Server] - 2026-03-19T22:45:36.086Z - Time taken for 'build-project-configs' 24.386500000000012ms
[NX v20.8.3 Daemon Server] - 2026-03-19T22:45:36.151Z - [SYNC]: collect registered sync generators
[NX v20.8.3 Daemon Server] - 2026-03-19T22:45:36.152Z - [REQUEST]: Responding to the client. project-graph
[NX v20.8.3 Daemon Server] - 2026-03-19T22:45:36.153Z - Time taken for 'total for creating and serializing project graph' 345.4498ms
[NX v20.8.3 Daemon Server] - 2026-03-19T22:45:36.154Z - Done responding to the client project-graph
[NX v20.8.3 Daemon Server] - 2026-03-19T22:45:36.154Z - Handled REQUEST_PROJECT_GRAPH. Handling time: 346. Response time: 2.
[NX v20.8.3 Daemon Server] - 2026-03-19T22:45:36.163Z - [REQUEST]: Responding to the client. handleRunPreTasksExecution
[NX v20.8.3 Daemon Server] - 2026-03-19T22:45:36.163Z - Time taken for 'preTasksExecution' 0.37770000000000437ms
[NX v20.8.3 Daemon Server] - 2026-03-19T22:45:36.163Z - Done responding to the client handleRunPreTasksExecution
[NX v20.8.3 Daemon Server] - 2026-03-19T22:45:36.163Z - Handled PRE_TASKS_EXECUTION. Handling time: 1. Response time: 0.
[NX v20.8.3 Daemon Server] - 2026-03-19T22:45:36.203Z - [REQUEST]: Responding to the client. handleHashTasks
[NX v20.8.3 Daemon Server] - 2026-03-19T22:45:36.206Z - Done responding to the client handleHashTasks
[NX v20.8.3 Daemon Server] - 2026-03-19T22:45:36.206Z - Handled HASH_TASKS. Handling time: 14. Response time: 3.
[NX v20.8.3 Daemon Server] - 2026-03-19T22:45:36.219Z - [REQUEST]: Responding to the client. handleGetEstimatedTaskTimings
[NX v20.8.3 Daemon Server] - 2026-03-19T22:45:36.219Z - Done responding to the client handleGetEstimatedTaskTimings
[NX v20.8.3 Daemon Server] - 2026-03-19T22:45:36.219Z - Handled GET_ESTIMATED_TASK_TIMINGS. Handling time: 2. Response time: 0.
[NX v20.8.3 Daemon Server] - 2026-03-19T22:46:06.757Z - [WATCHER]: Processing file changes in outputs
[NX v20.8.3 Daemon Server] - 2026-03-19T22:46:07.096Z - [REQUEST]: Responding to the client. recordOutputsHash
[NX v20.8.3 Daemon Server] - 2026-03-19T22:46:07.096Z - Done responding to the client recordOutputsHash
[NX v20.8.3 Daemon Server] - 2026-03-19T22:46:07.096Z - Handled RECORD_OUTPUTS_HASH. Handling time: 11. Response time: 0.
[NX v20.8.3 Daemon Server] - 2026-03-19T22:46:07.148Z - [REQUEST]: Responding to the client. handleRecordTaskRuns
[NX v20.8.3 Daemon Server] - 2026-03-19T22:46:07.148Z - Done responding to the client handleRecordTaskRuns
[NX v20.8.3 Daemon Server] - 2026-03-19T22:46:07.148Z - Handled RECORD_TASK_RUNS. Handling time: 1. Response time: 0.
[NX v20.8.3 Daemon Server] - 2026-03-19T22:46:07.149Z - [REQUEST]: Responding to the client. handleGetFlakyTasks
[NX v20.8.3 Daemon Server] - 2026-03-19T22:46:07.149Z - Done responding to the client handleGetFlakyTasks
[NX v20.8.3 Daemon Server] - 2026-03-19T22:46:07.149Z - Handled GET_FLAKY_TASKS. Handling time: 0. Response time: 0.
[NX v20.8.3 Daemon Server] - 2026-03-19T22:46:07.154Z - [REQUEST]: Responding to the client. handleRunPostTasksExecution
[NX v20.8.3 Daemon Server] - 2026-03-19T22:46:07.155Z - Time taken for 'postTasksExecution' 0.21740000000136206ms
[NX v20.8.3 Daemon Server] - 2026-03-19T22:46:07.155Z - Done responding to the client handleRunPostTasksExecution
[NX v20.8.3 Daemon Server] - 2026-03-19T22:46:07.155Z - Handled POST_TASKS_EXECUTION. Handling time: 0. Response time: 1.
[NX v20.8.3 Daemon Server] - 2026-03-19T22:46:07.159Z - Closed a connection. Number of open connections: 0
[NX v20.8.3 Daemon Server] - 2026-03-19T22:46:09.280Z - Established a connection. Number of open connections: 1
[NX v20.8.3 Daemon Server] - 2026-03-19T22:46:09.280Z - Closed a connection. Number of open connections: 0
[NX v20.8.3 Daemon Server] - 2026-03-19T22:46:09.281Z - Established a connection. Number of open connections: 1
[NX v20.8.3 Daemon Server] - 2026-03-19T22:46:09.283Z - [REQUEST]: Responding to the client. Shutdown initiated
[NX v20.8.3 Daemon Server] - 2026-03-19T22:46:09.283Z - Done responding to the client Shutdown initiated
[NX v20.8.3 Daemon Server] - 2026-03-19T22:46:09.283Z - Handled FORCE_SHUTDOWN. Handling time: 1. Response time: 0.
[NX v20.8.3 Daemon Server] - 2026-03-19T22:46:09.300Z - Closed a connection. Number of open connections: 0
[NX v20.8.3 Daemon Server] - 2026-03-19T22:46:09.300Z - [WATCHER]: Stopping the watcher for C:\Users\kai99\Desktop\windhawk\src\vscode-windhawk-ui (sources)
[NX v20.8.3 Daemon Server] - 2026-03-19T22:46:09.300Z - [WATCHER]: Stopping the watcher for C:\Users\kai99\Desktop\windhawk\src\vscode-windhawk-ui (outputs)
[NX v20.8.3 Daemon Server] - 2026-03-19T22:46:09.304Z - Server stopped because: "Request to shutdown"
[NX v20.8.3 Daemon Server] - 2026-03-19T22:46:10.488Z - Started listening on: \\.\pipe\nx\C:\Users\kai99\AppData\Local\Temp\536e0ec7b757508a959a\d.sock
[NX v20.8.3 Daemon Server] - 2026-03-19T22:46:10.491Z - [WATCHER]: Subscribed to changes within: C:\Users\kai99\Desktop\windhawk\src\vscode-windhawk-ui (native)
[NX v20.8.3 Daemon Server] - 2026-03-19T22:46:10.498Z - Established a connection. Number of open connections: 1
[NX v20.8.3 Daemon Server] - 2026-03-19T22:46:10.499Z - Closed a connection. Number of open connections: 0
[NX v20.8.3 Daemon Server] - 2026-03-19T22:46:10.499Z - Established a connection. Number of open connections: 1
[NX v20.8.3 Daemon Server] - 2026-03-19T22:46:10.500Z - [REQUEST]: Client Request for Project Graph Received
[NX v20.8.3 Daemon Server] - 2026-03-19T22:46:10.518Z - Time taken for 'loadSpecifiedNxPlugins' 1.0027000000000044ms
[NX v20.8.3 Daemon Server] - 2026-03-19T22:46:10.734Z - Time taken for 'Load Nx Plugin: C:\Users\kai99\Desktop\windhawk\src\vscode-windhawk-ui\node_modules\nx\src\plugins\package-json' 232.0349ms
[NX v20.8.3 Daemon Server] - 2026-03-19T22:46:10.734Z - Time taken for 'Load Nx Plugin: C:\Users\kai99\Desktop\windhawk\src\vscode-windhawk-ui\node_modules\nx\src\plugins\project-json\build-nodes\project-json' 232.331ms
[NX v20.8.3 Daemon Server] - 2026-03-19T22:46:10.741Z - [REQUEST]: Updated workspace context based on watched changes, recomputing project graph...
[NX v20.8.3 Daemon Server] - 2026-03-19T22:46:10.741Z - [REQUEST]: 
[NX v20.8.3 Daemon Server] - 2026-03-19T22:46:10.741Z - [REQUEST]: 
[NX v20.8.3 Daemon Server] - 2026-03-19T22:46:10.745Z - Time taken for 'loadDefaultNxPlugins' 239.12759999999997ms
[NX v20.8.3 Daemon Server] - 2026-03-19T22:46:10.773Z - Time taken for 'build-project-configs' 14.56529999999998ms
[NX v20.8.3 Daemon Server] - 2026-03-19T22:46:10.802Z - [SYNC]: collect registered sync generators
[NX v20.8.3 Daemon Server] - 2026-03-19T22:46:10.803Z - [REQUEST]: Responding to the client. project-graph
[NX v20.8.3 Daemon Server] - 2026-03-19T22:46:10.805Z - Time taken for 'total for creating and serializing project graph' 302.93230000000005ms
[NX v20.8.3 Daemon Server] - 2026-03-19T22:46:10.805Z - Done responding to the client project-graph
[NX v20.8.3 Daemon Server] - 2026-03-19T22:46:10.805Z - Handled REQUEST_PROJECT_GRAPH. Handling time: 303. Response time: 2.
[NX v20.8.3 Daemon Server] - 2026-03-19T22:46:10.812Z - [REQUEST]: Responding to the client. handleRunPreTasksExecution
[NX v20.8.3 Daemon Server] - 2026-03-19T22:46:10.812Z - Time taken for 'preTasksExecution' 0.4430999999999585ms
[NX v20.8.3 Daemon Server] - 2026-03-19T22:46:10.812Z - Done responding to the client handleRunPreTasksExecution
[NX v20.8.3 Daemon Server] - 2026-03-19T22:46:10.812Z - Handled PRE_TASKS_EXECUTION. Handling time: 0. Response time: 0.
[NX v20.8.3 Daemon Server] - 2026-03-19T22:46:10.849Z - [REQUEST]: Responding to the client. handleHashTasks
[NX v20.8.3 Daemon Server] - 2026-03-19T22:46:10.850Z - Done responding to the client handleHashTasks
[NX v20.8.3 Daemon Server] - 2026-03-19T22:46:10.850Z - Handled HASH_TASKS. Handling time: 14. Response time: 1.
[NX v20.8.3 Daemon Server] - 2026-03-19T22:46:10.865Z - [REQUEST]: Responding to the client. handleGetEstimatedTaskTimings
[NX v20.8.3 Daemon Server] - 2026-03-19T22:46:10.865Z - Done responding to the client handleGetEstimatedTaskTimings
[NX v20.8.3 Daemon Server] - 2026-03-19T22:46:10.865Z - Handled GET_ESTIMATED_TASK_TIMINGS. Handling time: 2. Response time: 0.
[NX v20.8.3 Daemon Server] - 2026-03-19T22:46:11.592Z - [WATCHER]: Processing file changes in outputs
[NX v20.8.3 Daemon Server] - 2026-03-19T22:46:40.509Z - [WATCHER]: Processing file changes in outputs
[NX v20.8.3 Daemon Server] - 2026-03-19T22:46:40.837Z - [REQUEST]: Responding to the client. recordOutputsHash
[NX v20.8.3 Daemon Server] - 2026-03-19T22:46:40.838Z - Done responding to the client recordOutputsHash
[NX v20.8.3 Daemon Server] - 2026-03-19T22:46:40.838Z - Handled RECORD_OUTPUTS_HASH. Handling time: 7. Response time: 1.
[NX v20.8.3 Daemon Server] - 2026-03-19T22:46:40.844Z - [REQUEST]: Responding to the client. handleRecordTaskRuns
[NX v20.8.3 Daemon Server] - 2026-03-19T22:46:40.845Z - Done responding to the client handleRecordTaskRuns
[NX v20.8.3 Daemon Server] - 2026-03-19T22:46:40.845Z - Handled RECORD_TASK_RUNS. Handling time: 3. Response time: 1.
[NX v20.8.3 Daemon Server] - 2026-03-19T22:46:40.849Z - [REQUEST]: Responding to the client. handleGetFlakyTasks
[NX v20.8.3 Daemon Server] - 2026-03-19T22:46:40.849Z - Done responding to the client handleGetFlakyTasks
[NX v20.8.3 Daemon Server] - 2026-03-19T22:46:40.849Z - Handled GET_FLAKY_TASKS. Handling time: 1. Response time: 0.
[NX v20.8.3 Daemon Server] - 2026-03-19T22:46:40.854Z - [REQUEST]: Responding to the client. handleRunPostTasksExecution
[NX v20.8.3 Daemon Server] - 2026-03-19T22:46:40.854Z - Time taken for 'postTasksExecution' 0.18470000000161235ms
[NX v20.8.3 Daemon Server] - 2026-03-19T22:46:40.854Z - Done responding to the client handleRunPostTasksExecution
[NX v20.8.3 Daemon Server] - 2026-03-19T22:46:40.854Z - Handled POST_TASKS_EXECUTION. Handling time: 0. Response time: 0.
[NX v20.8.3 Daemon Server] - 2026-03-19T22:46:40.859Z - Closed a connection. Number of open connections: 0
[NX v20.8.3 Daemon Server] - 2026-03-19T22:46:50.375Z - Established a connection. Number of open connections: 1
[NX v20.8.3 Daemon Server] - 2026-03-19T22:46:50.375Z - Closed a connection. Number of open connections: 0
[NX v20.8.3 Daemon Server] - 2026-03-19T22:46:50.376Z - Established a connection. Number of open connections: 1
[NX v20.8.3 Daemon Server] - 2026-03-19T22:46:50.384Z - [REQUEST]: Client Request for Project Graph Received
[NX v20.8.3 Daemon Server] - 2026-03-19T22:46:50.384Z - [REQUEST]: Responding to the client. project-graph
[NX v20.8.3 Daemon Server] - 2026-03-19T22:46:50.385Z - Time taken for 'total for creating and serializing project graph' 0.3837000000057742ms
[NX v20.8.3 Daemon Server] - 2026-03-19T22:46:50.387Z - Done responding to the client project-graph
[NX v20.8.3 Daemon Server] - 2026-03-19T22:46:50.387Z - Handled REQUEST_PROJECT_GRAPH. Handling time: 0. Response time: 3.
[NX v20.8.3 Daemon Server] - 2026-03-19T22:46:50.392Z - [REQUEST]: Responding to the client. handleRunPreTasksExecution
[NX v20.8.3 Daemon Server] - 2026-03-19T22:46:50.392Z - Time taken for 'preTasksExecution' 0.15099999999802094ms
[NX v20.8.3 Daemon Server] - 2026-03-19T22:46:50.392Z - Done responding to the client handleRunPreTasksExecution
[NX v20.8.3 Daemon Server] - 2026-03-19T22:46:50.392Z - Handled PRE_TASKS_EXECUTION. Handling time: 0. Response time: 0.
[NX v20.8.3 Daemon Server] - 2026-03-19T22:46:50.429Z - [REQUEST]: Responding to the client. handleHashTasks
[NX v20.8.3 Daemon Server] - 2026-03-19T22:46:50.429Z - Done responding to the client handleHashTasks
[NX v20.8.3 Daemon Server] - 2026-03-19T22:46:50.429Z - Handled HASH_TASKS. Handling time: 7. Response time: 0.
[NX v20.8.3 Daemon Server] - 2026-03-19T22:46:50.443Z - [REQUEST]: Responding to the client. handleGetEstimatedTaskTimings
[NX v20.8.3 Daemon Server] - 2026-03-19T22:46:50.443Z - Done responding to the client handleGetEstimatedTaskTimings
[NX v20.8.3 Daemon Server] - 2026-03-19T22:46:50.443Z - Handled GET_ESTIMATED_TASK_TIMINGS. Handling time: 0. Response time: 0.
[NX v20.8.3 Daemon Server] - 2026-03-19T22:46:50.456Z - [REQUEST]: Responding to the client. outputsHashesMatch
[NX v20.8.3 Daemon Server] - 2026-03-19T22:46:50.457Z - Done responding to the client outputsHashesMatch
[NX v20.8.3 Daemon Server] - 2026-03-19T22:46:50.457Z - Handled OUTPUTS_HASHES_MATCH. Handling time: 9. Response time: 1.
[NX v20.8.3 Daemon Server] - 2026-03-19T22:46:50.469Z - [REQUEST]: Responding to the client. recordOutputsHash
[NX v20.8.3 Daemon Server] - 2026-03-19T22:46:50.469Z - Done responding to the client recordOutputsHash
[NX v20.8.3 Daemon Server] - 2026-03-19T22:46:50.469Z - Handled RECORD_OUTPUTS_HASH. Handling time: 11. Response time: 0.
[NX v20.8.3 Daemon Server] - 2026-03-19T22:46:50.474Z - [REQUEST]: Responding to the client. handleRecordTaskRuns
[NX v20.8.3 Daemon Server] - 2026-03-19T22:46:50.474Z - Done responding to the client handleRecordTaskRuns
[NX v20.8.3 Daemon Server] - 2026-03-19T22:46:50.474Z - Handled RECORD_TASK_RUNS. Handling time: 1. Response time: 0.
[NX v20.8.3 Daemon Server] - 2026-03-19T22:46:50.475Z - [REQUEST]: Responding to the client. handleGetFlakyTasks
[NX v20.8.3 Daemon Server] - 2026-03-19T22:46:50.475Z - Done responding to the client handleGetFlakyTasks
[NX v20.8.3 Daemon Server] - 2026-03-19T22:46:50.475Z - Handled GET_FLAKY_TASKS. Handling time: 1. Response time: 0.
[NX v20.8.3 Daemon Server] - 2026-03-19T22:46:50.480Z - [REQUEST]: Responding to the client. handleRunPostTasksExecution
[NX v20.8.3 Daemon Server] - 2026-03-19T22:46:50.480Z - Time taken for 'postTasksExecution' 0.17269999999552965ms
[NX v20.8.3 Daemon Server] - 2026-03-19T22:46:50.480Z - Done responding to the client handleRunPostTasksExecution
[NX v20.8.3 Daemon Server] - 2026-03-19T22:46:50.480Z - Handled POST_TASKS_EXECUTION. Handling time: 0. Response time: 0.
[NX v20.8.3 Daemon Server] - 2026-03-19T22:46:50.484Z - Closed a connection. Number of open connections: 0
[NX v20.8.3 Daemon Server] - 2026-03-19T23:07:16.838Z - [WATCHER]: Processing file changes in outputs
[NX v20.8.3 Daemon Server] - 2026-03-19T23:07:16.851Z - [WATCHER]: apps/vscode-windhawk-ui/src/app/webviewIPCMessages.ts was modified
[NX v20.8.3 Daemon Server] - 2026-03-19T23:07:16.957Z - [REQUEST]: Updated workspace context based on watched changes, recomputing project graph...
[NX v20.8.3 Daemon Server] - 2026-03-19T23:07:16.958Z - [REQUEST]: apps/vscode-windhawk-ui/src/app/webviewIPCMessages.ts
[NX v20.8.3 Daemon Server] - 2026-03-19T23:07:16.958Z - [REQUEST]: 
[NX v20.8.3 Daemon Server] - 2026-03-19T23:07:16.968Z - Time taken for 'hash changed files from watcher' 0.3525000000372529ms
[NX v20.8.3 Daemon Server] - 2026-03-19T23:07:17.014Z - Time taken for 'build-project-configs' 43.217299999902025ms
[NX v20.8.3 Daemon Server] - 2026-03-19T23:07:17.066Z - [SYNC]: collect registered sync generators
[NX v20.8.3 Daemon Server] - 2026-03-19T23:07:17.066Z - [SYNC]: project graph hash is the same, not collecting task sync generators
[NX v20.8.3 Daemon Server] - 2026-03-19T23:07:17.067Z - [SYNC]: nx.json hash is the same, not collecting global sync generators
[NX v20.8.3 Daemon Server] - 2026-03-19T23:07:17.067Z - Time taken for 'total execution time for createProjectGraph()' 43.640299999853596ms
[NX v20.8.3 Daemon Server] - 2026-03-19T23:07:35.079Z - [WATCHER]: Processing file changes in outputs
[NX v20.8.3 Daemon Server] - 2026-03-19T23:07:35.080Z - [WATCHER]: apps/vscode-windhawk-ui/src/app/panel/About.tsx was modified
[NX v20.8.3 Daemon Server] - 2026-03-19T23:07:35.287Z - [REQUEST]: Updated workspace context based on watched changes, recomputing project graph...
[NX v20.8.3 Daemon Server] - 2026-03-19T23:07:35.287Z - [REQUEST]: apps/vscode-windhawk-ui/src/app/panel/About.tsx
[NX v20.8.3 Daemon Server] - 2026-03-19T23:07:35.287Z - [REQUEST]: 
[NX v20.8.3 Daemon Server] - 2026-03-19T23:07:35.295Z - Time taken for 'hash changed files from watcher' 0.5045000000391155ms
[NX v20.8.3 Daemon Server] - 2026-03-19T23:07:35.314Z - Time taken for 'build-project-configs' 20.36589999985881ms
[NX v20.8.3 Daemon Server] - 2026-03-19T23:07:35.362Z - [SYNC]: collect registered sync generators
[NX v20.8.3 Daemon Server] - 2026-03-19T23:07:35.362Z - [SYNC]: project graph hash is the same, not collecting task sync generators
[NX v20.8.3 Daemon Server] - 2026-03-19T23:07:35.362Z - [SYNC]: nx.json hash is the same, not collecting global sync generators
[NX v20.8.3 Daemon Server] - 2026-03-19T23:07:35.362Z - Time taken for 'total execution time for createProjectGraph()' 37.34819999989122ms
[NX v20.8.3 Daemon Server] - 2026-03-19T23:07:41.017Z - [WATCHER]: Processing file changes in outputs
[NX v20.8.3 Daemon Server] - 2026-03-19T23:07:41.018Z - [WATCHER]: apps/vscode-windhawk-ui/src/app/panel/ModsBrowserLocal.tsx was modified
[NX v20.8.3 Daemon Server] - 2026-03-19T23:07:41.427Z - [REQUEST]: Updated workspace context based on watched changes, recomputing project graph...
[NX v20.8.3 Daemon Server] - 2026-03-19T23:07:41.427Z - [REQUEST]: apps/vscode-windhawk-ui/src/app/panel/ModsBrowserLocal.tsx
[NX v20.8.3 Daemon Server] - 2026-03-19T23:07:41.427Z - [REQUEST]: 
[NX v20.8.3 Daemon Server] - 2026-03-19T23:07:41.434Z - Time taken for 'hash changed files from watcher' 0.9638000000268221ms
[NX v20.8.3 Daemon Server] - 2026-03-19T23:07:41.467Z - Time taken for 'build-project-configs' 31.293599999975413ms
[NX v20.8.3 Daemon Server] - 2026-03-19T23:07:41.514Z - [SYNC]: collect registered sync generators
[NX v20.8.3 Daemon Server] - 2026-03-19T23:07:41.515Z - [SYNC]: project graph hash is the same, not collecting task sync generators
[NX v20.8.3 Daemon Server] - 2026-03-19T23:07:41.515Z - [SYNC]: nx.json hash is the same, not collecting global sync generators
[NX v20.8.3 Daemon Server] - 2026-03-19T23:07:41.515Z - Time taken for 'total execution time for createProjectGraph()' 37.78000000002794ms
[NX v20.8.3 Daemon Server] - 2026-03-19T23:08:04.440Z - [WATCHER]: apps/vscode-windhawk-ui/src/locales/en/translation.json was modified
[NX v20.8.3 Daemon Server] - 2026-03-19T23:08:04.441Z - [WATCHER]: Processing file changes in outputs
[NX v20.8.3 Daemon Server] - 2026-03-19T23:08:05.253Z - [REQUEST]: Updated workspace context based on watched changes, recomputing project graph...
[NX v20.8.3 Daemon Server] - 2026-03-19T23:08:05.253Z - [REQUEST]: apps/vscode-windhawk-ui/src/locales/en/translation.json
[NX v20.8.3 Daemon Server] - 2026-03-19T23:08:05.253Z - [REQUEST]: 
[NX v20.8.3 Daemon Server] - 2026-03-19T23:08:05.257Z - Time taken for 'hash changed files from watcher' 0.31190000008791685ms
[NX v20.8.3 Daemon Server] - 2026-03-19T23:08:05.279Z - Time taken for 'build-project-configs' 19.5238000000827ms
[NX v20.8.3 Daemon Server] - 2026-03-19T23:08:05.327Z - [SYNC]: collect registered sync generators
[NX v20.8.3 Daemon Server] - 2026-03-19T23:08:05.327Z - [SYNC]: project graph hash is the same, not collecting task sync generators
[NX v20.8.3 Daemon Server] - 2026-03-19T23:08:05.327Z - [SYNC]: nx.json hash is the same, not collecting global sync generators
[NX v20.8.3 Daemon Server] - 2026-03-19T23:08:05.328Z - Time taken for 'total execution time for createProjectGraph()' 38.873399999924004ms
[NX v20.8.3 Daemon Server] - 2026-03-19T23:08:09.555Z - [WATCHER]: Processing file changes in outputs
[NX v20.8.3 Daemon Server] - 2026-03-19T23:08:09.557Z - [WATCHER]: apps/vscode-windhawk-ui/src/app/panel/mockData.ts was modified
[NX v20.8.3 Daemon Server] - 2026-03-19T23:08:11.158Z - [REQUEST]: Updated workspace context based on watched changes, recomputing project graph...
[NX v20.8.3 Daemon Server] - 2026-03-19T23:08:11.159Z - [REQUEST]: apps/vscode-windhawk-ui/src/app/panel/mockData.ts
[NX v20.8.3 Daemon Server] - 2026-03-19T23:08:11.159Z - [REQUEST]: 
[NX v20.8.3 Daemon Server] - 2026-03-19T23:08:11.167Z - Time taken for 'hash changed files from watcher' 1.6289999999571592ms
[NX v20.8.3 Daemon Server] - 2026-03-19T23:08:11.200Z - Time taken for 'build-project-configs' 34.927199999801815ms
[NX v20.8.3 Daemon Server] - 2026-03-19T23:08:11.238Z - [SYNC]: collect registered sync generators
[NX v20.8.3 Daemon Server] - 2026-03-19T23:08:11.238Z - [SYNC]: project graph hash is the same, not collecting task sync generators
[NX v20.8.3 Daemon Server] - 2026-03-19T23:08:11.238Z - [SYNC]: nx.json hash is the same, not collecting global sync generators
[NX v20.8.3 Daemon Server] - 2026-03-19T23:08:11.238Z - Time taken for 'total execution time for createProjectGraph()' 28.74239999987185ms
[NX v20.8.3 Daemon Server] - 2026-03-19T23:08:19.263Z - [WATCHER]: package.json was modified
[NX v20.8.3 Daemon Server] - 2026-03-19T23:08:19.264Z - [WATCHER]: Processing file changes in outputs
[NX v20.8.3 Daemon Server] - 2026-03-19T23:08:22.472Z - [REQUEST]: Updated workspace context based on watched changes, recomputing project graph...
[NX v20.8.3 Daemon Server] - 2026-03-19T23:08:22.473Z - [REQUEST]: package.json
[NX v20.8.3 Daemon Server] - 2026-03-19T23:08:22.473Z - [REQUEST]: 
[NX v20.8.3 Daemon Server] - 2026-03-19T23:08:22.474Z - Time taken for 'hash changed files from watcher' 0.4225000001024455ms
[NX v20.8.3 Daemon Server] - 2026-03-19T23:08:22.493Z - Time taken for 'build-project-configs' 14.903399999951944ms
[NX v20.8.3 Daemon Server] - 2026-03-19T23:08:22.531Z - [SYNC]: collect registered sync generators
[NX v20.8.3 Daemon Server] - 2026-03-19T23:08:22.531Z - [SYNC]: project graph hash is the same, not collecting task sync generators
[NX v20.8.3 Daemon Server] - 2026-03-19T23:08:22.532Z - [SYNC]: nx.json hash is the same, not collecting global sync generators
[NX v20.8.3 Daemon Server] - 2026-03-19T23:08:22.532Z - Time taken for 'total execution time for createProjectGraph()' 26.05560000007972ms
[NX v20.8.3 Daemon Server] - 2026-03-19T23:09:22.396Z - Established a connection. Number of open connections: 1
[NX v20.8.3 Daemon Server] - 2026-03-19T23:09:22.396Z - Closed a connection. Number of open connections: 0
[NX v20.8.3 Daemon Server] - 2026-03-19T23:09:22.397Z - Established a connection. Number of open connections: 1
[NX v20.8.3 Daemon Server] - 2026-03-19T23:09:22.399Z - [REQUEST]: Client Request for Project Graph Received
[NX v20.8.3 Daemon Server] - 2026-03-19T23:09:22.400Z - [REQUEST]: Responding to the client. project-graph
[NX v20.8.3 Daemon Server] - 2026-03-19T23:09:22.400Z - Time taken for 'total for creating and serializing project graph' 0.24190000002272427ms
[NX v20.8.3 Daemon Server] - 2026-03-19T23:09:22.401Z - Done responding to the client project-graph
[NX v20.8.3 Daemon Server] - 2026-03-19T23:09:22.401Z - Handled REQUEST_PROJECT_GRAPH. Handling time: 1. Response time: 1.
[NX v20.8.3 Daemon Server] - 2026-03-19T23:09:22.410Z - [REQUEST]: Responding to the client. handleRunPreTasksExecution
[NX v20.8.3 Daemon Server] - 2026-03-19T23:09:22.410Z - Time taken for 'preTasksExecution' 0.21359999990090728ms
[NX v20.8.3 Daemon Server] - 2026-03-19T23:09:22.410Z - Done responding to the client handleRunPreTasksExecution
[NX v20.8.3 Daemon Server] - 2026-03-19T23:09:22.411Z - Handled PRE_TASKS_EXECUTION. Handling time: 0. Response time: 1.
[NX v20.8.3 Daemon Server] - 2026-03-19T23:09:22.466Z - [REQUEST]: Responding to the client. handleHashTasks
[NX v20.8.3 Daemon Server] - 2026-03-19T23:09:22.467Z - Done responding to the client handleHashTasks
[NX v20.8.3 Daemon Server] - 2026-03-19T23:09:22.467Z - Handled HASH_TASKS. Handling time: 24. Response time: 1.
[NX v20.8.3 Daemon Server] - 2026-03-19T23:09:22.480Z - [REQUEST]: Responding to the client. handleGetEstimatedTaskTimings
[NX v20.8.3 Daemon Server] - 2026-03-19T23:09:22.481Z - Done responding to the client handleGetEstimatedTaskTimings
[NX v20.8.3 Daemon Server] - 2026-03-19T23:09:22.481Z - Handled GET_ESTIMATED_TASK_TIMINGS. Handling time: 1. Response time: 1.
[NX v20.8.3 Daemon Server] - 2026-03-19T23:09:23.522Z - [WATCHER]: Processing file changes in outputs
[NX v20.8.3 Daemon Server] - 2026-03-19T23:10:27.278Z - [WATCHER]: Processing file changes in outputs
[NX v20.8.3 Daemon Server] - 2026-03-19T23:10:27.332Z - [WATCHER]: Processing file changes in outputs
[NX v20.8.3 Daemon Server] - 2026-03-19T23:10:27.399Z - [WATCHER]: Processing file changes in outputs
[NX v20.8.3 Daemon Server] - 2026-03-19T23:10:27.820Z - [REQUEST]: Responding to the client. recordOutputsHash
[NX v20.8.3 Daemon Server] - 2026-03-19T23:10:27.821Z - Done responding to the client recordOutputsHash
[NX v20.8.3 Daemon Server] - 2026-03-19T23:10:27.821Z - Handled RECORD_OUTPUTS_HASH. Handling time: 14. Response time: 1.
[NX v20.8.3 Daemon Server] - 2026-03-19T23:10:27.907Z - [REQUEST]: Responding to the client. handleRecordTaskRuns
[NX v20.8.3 Daemon Server] - 2026-03-19T23:10:27.908Z - Done responding to the client handleRecordTaskRuns
[NX v20.8.3 Daemon Server] - 2026-03-19T23:10:27.908Z - Handled RECORD_TASK_RUNS. Handling time: 1. Response time: 1.
[NX v20.8.3 Daemon Server] - 2026-03-19T23:10:27.909Z - [REQUEST]: Responding to the client. handleGetFlakyTasks
[NX v20.8.3 Daemon Server] - 2026-03-19T23:10:27.909Z - Done responding to the client handleGetFlakyTasks
[NX v20.8.3 Daemon Server] - 2026-03-19T23:10:27.910Z - Handled GET_FLAKY_TASKS. Handling time: 0. Response time: 1.
[NX v20.8.3 Daemon Server] - 2026-03-19T23:10:27.916Z - [REQUEST]: Responding to the client. handleRunPostTasksExecution
[NX v20.8.3 Daemon Server] - 2026-03-19T23:10:27.916Z - Time taken for 'postTasksExecution' 0.2831999999471009ms
[NX v20.8.3 Daemon Server] - 2026-03-19T23:10:27.916Z - Done responding to the client handleRunPostTasksExecution
[NX v20.8.3 Daemon Server] - 2026-03-19T23:10:27.916Z - Handled POST_TASKS_EXECUTION. Handling time: 1. Response time: 0.
[NX v20.8.3 Daemon Server] - 2026-03-19T23:10:27.924Z - Closed a connection. Number of open connections: 0
[NX v20.8.3 Daemon Server] - 2026-03-19T23:27:59.836Z - Established a connection. Number of open connections: 1
[NX v20.8.3 Daemon Server] - 2026-03-19T23:27:59.843Z - Closed a connection. Number of open connections: 0
[NX v20.8.3 Daemon Server] - 2026-03-19T23:27:59.844Z - Established a connection. Number of open connections: 1
[NX v20.8.3 Daemon Server] - 2026-03-19T23:27:59.848Z - [REQUEST]: Client Request for Project Graph Received
[NX v20.8.3 Daemon Server] - 2026-03-19T23:27:59.850Z - [REQUEST]: Responding to the client. project-graph
[NX v20.8.3 Daemon Server] - 2026-03-19T23:27:59.852Z - Time taken for 'total for creating and serializing project graph' 1.4226999999955297ms
[NX v20.8.3 Daemon Server] - 2026-03-19T23:27:59.853Z - Done responding to the client project-graph
[NX v20.8.3 Daemon Server] - 2026-03-19T23:27:59.853Z - Handled REQUEST_PROJECT_GRAPH. Handling time: 2. Response time: 3.
[NX v20.8.3 Daemon Server] - 2026-03-19T23:27:59.860Z - [REQUEST]: Responding to the client. handleRunPreTasksExecution
[NX v20.8.3 Daemon Server] - 2026-03-19T23:27:59.860Z - Time taken for 'preTasksExecution' 0.36610000021755695ms
[NX v20.8.3 Daemon Server] - 2026-03-19T23:27:59.860Z - Done responding to the client handleRunPreTasksExecution
[NX v20.8.3 Daemon Server] - 2026-03-19T23:27:59.860Z - Handled PRE_TASKS_EXECUTION. Handling time: 1. Response time: 0.
[NX v20.8.3 Daemon Server] - 2026-03-19T23:27:59.924Z - [REQUEST]: Responding to the client. handleHashTasks
[NX v20.8.3 Daemon Server] - 2026-03-19T23:27:59.925Z - Done responding to the client handleHashTasks
[NX v20.8.3 Daemon Server] - 2026-03-19T23:27:59.925Z - Handled HASH_TASKS. Handling time: 15. Response time: 1.
[NX v20.8.3 Daemon Server] - 2026-03-19T23:27:59.942Z - [REQUEST]: Responding to the client. handleGetEstimatedTaskTimings
[NX v20.8.3 Daemon Server] - 2026-03-19T23:27:59.942Z - Done responding to the client handleGetEstimatedTaskTimings
[NX v20.8.3 Daemon Server] - 2026-03-19T23:27:59.942Z - Handled GET_ESTIMATED_TASK_TIMINGS. Handling time: 1. Response time: 0.
[NX v20.8.3 Daemon Server] - 2026-03-19T23:27:59.959Z - [REQUEST]: Responding to the client. outputsHashesMatch
[NX v20.8.3 Daemon Server] - 2026-03-19T23:27:59.960Z - Done responding to the client outputsHashesMatch
[NX v20.8.3 Daemon Server] - 2026-03-19T23:27:59.960Z - Handled OUTPUTS_HASHES_MATCH. Handling time: 12. Response time: 1.
[NX v20.8.3 Daemon Server] - 2026-03-19T23:27:59.969Z - [REQUEST]: Responding to the client. recordOutputsHash
[NX v20.8.3 Daemon Server] - 2026-03-19T23:27:59.971Z - Done responding to the client recordOutputsHash
[NX v20.8.3 Daemon Server] - 2026-03-19T23:27:59.972Z - Handled RECORD_OUTPUTS_HASH. Handling time: 7. Response time: 3.
[NX v20.8.3 Daemon Server] - 2026-03-19T23:27:59.977Z - [REQUEST]: Responding to the client. handleRecordTaskRuns
[NX v20.8.3 Daemon Server] - 2026-03-19T23:27:59.977Z - Done responding to the client handleRecordTaskRuns
[NX v20.8.3 Daemon Server] - 2026-03-19T23:27:59.978Z - Handled RECORD_TASK_RUNS. Handling time: 1. Response time: 1.
[NX v20.8.3 Daemon Server] - 2026-03-19T23:27:59.979Z - [REQUEST]: Responding to the client. handleGetFlakyTasks
[NX v20.8.3 Daemon Server] - 2026-03-19T23:27:59.979Z - Done responding to the client handleGetFlakyTasks
[NX v20.8.3 Daemon Server] - 2026-03-19T23:27:59.979Z - Handled GET_FLAKY_TASKS. Handling time: 0. Response time: 0.
[NX v20.8.3 Daemon Server] - 2026-03-19T23:27:59.983Z - [REQUEST]: Responding to the client. handleRunPostTasksExecution
[NX v20.8.3 Daemon Server] - 2026-03-19T23:27:59.984Z - Time taken for 'postTasksExecution' 0.20919999992474914ms
[NX v20.8.3 Daemon Server] - 2026-03-19T23:27:59.984Z - Done responding to the client handleRunPostTasksExecution
[NX v20.8.3 Daemon Server] - 2026-03-19T23:27:59.984Z - Handled POST_TASKS_EXECUTION. Handling time: 0. Response time: 1.
[NX v20.8.3 Daemon Server] - 2026-03-19T23:27:59.989Z - Closed a connection. Number of open connections: 0
